Arguments: 
  C:\Program Files\nodejs\node.exe C:\Users\starj\AppData\Roaming\npm\node_modules\yarn\bin\yarn.js storybook

PATH: 
  C:\Program Files (x86)\Common Files\Intel\Shared Libraries\redist\intel64\compiler;C:\Windows\system32;C:\Windows;C:\Windows\System32\Wbem;C:\Windows\System32\WindowsPowerShell\v1.0\;C:\Windows\System32\OpenSSH\;C:\Program Files\dotnet\;C:\Program Files\Process Lasso\;C:\Program Files\Git\cmd;%NVM_HOME%;%NVM_SYMLINK%;C:\Users\starj\AppData\Local\Microsoft\WindowsApps;C:\Users\starj\.dotnet\tools;C:\Users\starj\AppData\Local\GitHubDesktop\bin;C:\Users\starj\AppData\Local\Programs\Microsoft VS Code\bin;C:\Users\starj\AppData\Roaming\npm;C:\MinGW\bin;C:\Users\starj\AppData\Roaming\nvm;C:\Program Files\nodejs

Yarn version: 
  1.22.10

Node version: 
  15.7.0

Platform: 
  win32 x64

Trace: 
  SyntaxError: E:\Repository\Git\React\package.json: Unexpected token } in JSON at position 124
      at JSON.parse (<anonymous>)
      at C:\Users\starj\AppData\Roaming\npm\node_modules\yarn\lib\cli.js:1625:59
      at Generator.next (<anonymous>)
      at step (C:\Users\starj\AppData\Roaming\npm\node_modules\yarn\lib\cli.js:310:30)
      at C:\Users\starj\AppData\Roaming\npm\node_modules\yarn\lib\cli.js:321:13

npm manifest: 
  {
    "dependencies": {
      "yarn": "^1.22.10"
    },
    "scripts": {
      "storybook": "start-storybook -p 001 -c .storybook",
    }
  }

yarn manifest: 
  No manifest

Lockfile: 
  No lockfile
